\BOOKMARK [1][-]{section.1}{\376\377\133\236\232\214\151\202\211\310}{}% 1
\BOOKMARK [1][-]{section.2}{\376\377\176\303\116\140\230\230\166\204\211\343\121\263\140\035\215\357}{}% 2
\BOOKMARK [2][-]{subsection.2.1}{\376\377\160\160\136\246\123\026}{section.2}% 3
\BOOKMARK [2][-]{subsection.2.2}{\376\377\232\330\145\257\156\344\154\342}{section.2}% 4
\BOOKMARK [2][-]{subsection.2.3}{\376\377\150\257\136\246\213\241\173\227}{section.2}% 5
\BOOKMARK [3][-]{subsubsection.2.3.1}{\376\377\000R\000o\000b\000e\000r\000t\000s\173\227\133\120}{subsection.2.3}% 6
\BOOKMARK [3][-]{subsubsection.2.3.2}{\376\377\000S\000o\000b\000e\000l\173\227\133\120}{subsection.2.3}% 7
\BOOKMARK [3][-]{subsubsection.2.3.3}{\376\377\000P\000r\000e\000w\000i\000t\000t\173\227\133\120}{subsection.2.3}% 8
\BOOKMARK [3][-]{subsubsection.2.3.4}{\376\377\000C\000a\000n\000n\000y\173\227\133\120}{subsection.2.3}% 9
\BOOKMARK [2][-]{subsection.2.4}{\376\377\227\136\147\201\131\047\120\074\142\221\122\066}{section.2}% 10
\BOOKMARK [2][-]{subsection.2.5}{\376\377\123\314\226\010\120\074\131\004\164\006\124\214\217\271\177\030\217\336\143\245}{section.2}% 11
\BOOKMARK [1][-]{section.3}{\376\377\116\343\170\001\217\320\210\114\176\323\147\234\124\214\176\323\147\234\122\006\147\220}{}% 12
\BOOKMARK [2][-]{subsection.3.1}{\376\377\160\160\136\246\123\026\124\214\232\330\145\257\152\041\174\312}{section.3}% 13
\BOOKMARK [2][-]{subsection.3.2}{\376\377\150\257\136\246\123\357\211\306\123\026\124\214\227\136\147\201\131\047\120\074\142\221\122\066}{section.3}% 14
\BOOKMARK [2][-]{subsection.3.3}{\376\377\123\314\226\010\120\074\150\300\155\113\124\214\217\336\143\245\217\271\177\030}{section.3}% 15
\BOOKMARK [2][-]{subsection.3.4}{\376\377\116\015\124\014\226\010\120\074\123\312\121\205\177\156\121\375\145\160\166\204\131\004\164\006\145\110\147\234}{section.3}% 16
\BOOKMARK [2][-]{subsection.3.5}{\376\377\121\166\116\326\133\371\153\324}{section.3}% 17
\BOOKMARK [3][-]{subsubsection.3.5.1}{\376\377\116\015\124\014\150\257\136\246\136\105\120\074\173\227\133\120\140\047\200\375\153\324\217\203}{subsection.3.5}% 18
\BOOKMARK [3][-]{subsubsection.3.5.2}{\376\377\217\336\143\245\217\271\177\030\133\232\116\111\200\124\220\032\145\160\166\204\137\161\124\315}{subsection.3.5}% 19
\BOOKMARK [1][-]{section.4}{\376\377\133\236\232\214\141\037\140\363}{}% 20
\BOOKMARK [1][-]{section.5}{\376\377\116\343\170\001}{}% 21
